{"tag": "function", "depth": 1, "time": 1619097940.841481, "data": {"name": "stop_app", "call_args": {"package": "com.jianshu.haruki"}, "start_time": 1619097940.0813844, "ret": null, "end_time": 1619097940.841481}}
{"tag": "function", "depth": 1, "time": 1619097942.842235, "data": {"name": "sleep", "call_args": {"secs": 2}, "start_time": 1619097940.8419812, "ret": null, "end_time": 1619097942.842235}}
{"tag": "function", "depth": 1, "time": 1619097943.4218087, "data": {"name": "start_app", "call_args": {"package": "com.jianshu.haruki", "activity": null}, "start_time": 1619097942.842235, "ret": null, "end_time": 1619097943.4218087}}
{"tag": "function", "depth": 1, "time": 1619097950.2086704, "data": {"name": "record_ui", "call_args": {"driver": "<poco.drivers.android.uiautomation.AndroidUiautomationPoco object at 0x07CED110>", "action": "'click'", "ui": "UIObjectProxy of \"com.jianshu.haruki:id/tv_more_menu\"", "args": "[0.9, 0.9895833333333334]"}, "start_time": 1619097950.2086704, "ret": "UIObjectProxy of \"com.jianshu.haruki:id/tv_more_menu\"", "end_time": 1619097950.2086704}}
{"tag": "function", "depth": 2, "time": 1619097951.2082975, "data": {"name": "try_log_screen", "call_args": {"screen": null, "quality": null, "max_size": null}, "start_time": 1619097950.2091706, "ret": {"screen": "1619097951177.jpg", "resolution": [1080, 1920]}, "end_time": 1619097951.2082975}}
{"tag": "function", "depth": 1, "time": 1619097952.0133998, "data": {"name": "touch", "call_args": {"v": [972.0, 1900.0], "kwargs": {"duration": 0.01}, "times": 1}, "start_time": 1619097950.2091706, "ret": [972.0, 1900.0], "end_time": 1619097952.0133998}}
{"tag": "function", "depth": 1, "time": 1619097953.7261171, "data": {"name": "record_ui", "call_args": {"driver": "<poco.drivers.android.uiautomation.AndroidUiautomationPoco object at 0x07CED110>", "action": "'click'", "ui": "UIObjectProxy of \"text=\u6211\u7684\u6587\u7ae0\"", "args": "[0.14444444444444443, 0.2296875]"}, "start_time": 1619097953.7261171, "ret": "UIObjectProxy of \"text=\u6211\u7684\u6587\u7ae0\"", "end_time": 1619097953.7261171}}
{"tag": "function", "depth": 2, "time": 1619097953.82713, "data": {"name": "try_log_screen", "call_args": {"screen": null, "quality": null, "max_size": null}, "start_time": 1619097953.7261171, "ret": {"screen": "1619097953800.jpg", "resolution": [1080, 1920]}, "end_time": 1619097953.82713}}
{"tag": "function", "depth": 1, "time": 1619097954.0076528, "data": {"name": "touch", "call_args": {"v": [155.99999999999997, 441.0], "kwargs": {"duration": 0.01}, "times": 1}, "start_time": 1619097953.7261171, "ret": [155.99999999999997, 441.0], "end_time": 1619097954.0076528}}
{"tag": "function", "depth": 2, "time": 1619097962.0016682, "data": {"name": "try_log_screen", "call_args": {"quality": 10, "max_size": null, "screen": null}, "start_time": 1619097961.8796525, "ret": {"screen": "1619097961973.jpg", "resolution": [1080, 1920]}, "end_time": 1619097962.0016682}}
{"tag": "function", "depth": 1, "time": 1619097962.0016682, "data": {"name": "snapshot", "call_args": {"msg": "\u62a5\u9519\u540e\u622a\u56fe", "filename": null, "quality": null, "max_size": null}, "start_time": 1619097961.8796525, "ret": {"screen": "1619097961973.jpg", "resolution": [1080, 1920]}, "end_time": 1619097962.0016682}}
{"tag": "function", "depth": 2, "time": 1619097962.0836785, "data": {"name": "try_log_screen", "call_args": {"screen": null, "quality": null, "max_size": null}, "start_time": 1619097962.0021682, "ret": {"screen": "1619097962057.jpg", "resolution": [1080, 1920]}, "end_time": 1619097962.0836785}}
{"tag": "info", "depth": 1, "time": 1619097962.0846786, "data": {"name": "Final Error", "traceback": "Traceback (most recent call last):\n  File \"E:\\app\\python3.6.6\\lib\\site-packages\\poco\\proxy.py\", line 26, in wrapped\n    proxy.wait_for_appearance(timeout=proxy.poco._pre_action_wait_for_appearance)\n  File \"E:\\app\\python3.6.6\\lib\\site-packages\\poco\\proxy.py\", line 681, in wait_for_appearance\n    raise PocoTargetTimeout('appearance', self)\npoco.exceptions.PocoTargetTimeout: Waiting timeout for appearance of \"UIObjectProxy of \"com.jianshu.haruki:id/refresh_view\"\"\n\nDuring handling of the above exception, another exception occurred:\n\nTraceback (most recent call last):\n  File \"E:\\app\\python3.6.6\\lib\\site-packages\\airtest\\cli\\runner.py\", line 70, in runTest\n    exec(compile(code.encode(\"utf-8\"), pyfilepath, 'exec'), self.scope)\n  File \"E:\\project\\airtest_auto\\air_case\\\u6211\u7684\\\u6253\u5f00\u6211\u7684\u6587\u7ae0.air\\\u6253\u5f00\u6211\u7684\u6587\u7ae0.py\", line 33, in <module>\n    operate()\n  File \"E:\\project\\airtest_auto\\air_case\\\u6211\u7684\\\u6253\u5f00\u6211\u7684\u6587\u7ae0.air\\\u6253\u5f00\u6211\u7684\u6587\u7ae0.py\", line 30, in operate\n    raise e\n  File \"E:\\project\\airtest_auto\\air_case\\\u6211\u7684\\\u6253\u5f00\u6211\u7684\u6587\u7ae0.air\\\u6253\u5f00\u6211\u7684\u6587\u7ae0.py\", line 27, in operate\n    poco(\"com.jianshu.haruki:id/refresh_view\").focus([0.5, 0.5]).swipe([0.5, -0.5])\n  File \"E:\\app\\python3.6.6\\lib\\site-packages\\poco\\proxy.py\", line 29, in wrapped\n    raise e\n  File \"E:\\app\\python3.6.6\\lib\\site-packages\\poco\\proxy.py\", line 23, in wrapped\n    return func(proxy, *args, **kwargs)\n  File \"E:\\app\\python3.6.6\\lib\\site-packages\\poco\\proxy.py\", line 457, in swipe\n    origin = self.get_position(focus)\n  File \"E:\\app\\python3.6.6\\lib\\site-packages\\poco\\proxy.py\", line 72, in wrapped\n    return func(proxy, *args, **kwargs)\n  File \"E:\\app\\python3.6.6\\lib\\site-packages\\poco\\proxy.py\", line 621, in get_position\n    x, y = self.attr('pos')\n  File \"E:\\app\\python3.6.6\\lib\\site-packages\\poco\\proxy.py\", line 39, in wrapped\n    return func(self, *args, **kwargs)\n  File \"E:\\app\\python3.6.6\\lib\\site-packages\\poco\\proxy.py\", line 734, in attr\n    nodes = self._do_query(multiple=False)\n  File \"E:\\app\\python3.6.6\\lib\\site-packages\\poco\\proxy.py\", line 874, in _do_query\n    raise PocoNoSuchNodeException(self)\npoco.exceptions.PocoNoSuchNodeException: Cannot find any visible node by query UIObjectProxy of \"com.jianshu.haruki:id/refresh_view\"\n"}}
