{"tag": "function", "depth": 1, "time": 1624442574.2751918, "data": {"name": "get", "call_args": {"self": "<airtest_selenium.proxy.WebChrome (session=\"d39a6a81e88f1b1e18fd67ca6ce27a57\")>", "address": "http://www.baidu.com"}, "start_time": 1624442566.463961, "ret": null, "end_time": 1624442574.2751918}}
{"tag": "function", "depth": 2, "time": 1624442574.6765738, "data": {"name": "_gen_screen_log", "call_args": {"self": "<airtest_selenium.proxy.WebChrome (session=\"d39a6a81e88f1b1e18fd67ca6ce27a57\")>", "element": {"_parent": "<airtest_selenium.proxy.WebChrome (session=\"d39a6a81e88f1b1e18fd67ca6ce27a57\")>", "_id": "4e16ad34-4038-4386-b7ef-7815c0b26391", "_w3c": true, "__class__": "WebElement"}, "filename": null}, "start_time": 1624442574.2891178, "ret": {"screen": "1624442574.jpg", "pos": [[572.0, 210.0]]}, "end_time": 1624442574.6765738}}
{"tag": "function", "depth": 1, "time": 1624442574.684729, "data": {"name": "find_element_by_id", "call_args": {"self": "<airtest_selenium.proxy.WebChrome (session=\"d39a6a81e88f1b1e18fd67ca6ce27a57\")>", "id": "kw"}, "start_time": 1624442574.2751918, "ret": {"_parent": "<airtest_selenium.proxy.WebChrome (session=\"d39a6a81e88f1b1e18fd67ca6ce27a57\")>", "_id": "4e16ad34-4038-4386-b7ef-7815c0b26391", "_w3c": true, "res_log": {"screen": "1624442574.jpg", "pos": [[572.0, 210.0]]}, "__class__": "Element"}, "end_time": 1624442574.684729}}
{"tag": "function", "depth": 1, "time": 1624442595.3641257, "data": {"name": "find_element_by_id", "call_args": {"self": "<airtest_selenium.proxy.WebChrome (session=\"d39a6a81e88f1b1e18fd67ca6ce27a57\")>", "id": "su1"}, "start_time": 1624442575.3187144, "traceback": "Traceback (most recent call last):\n  File \"D:\\app\\Python37\\lib\\site-packages\\airtest_selenium\\proxy.py\", line 53, in loop_find_element\n    element = func(text)\n  File \"D:\\app\\Python37\\lib\\site-packages\\selenium\\webdriver\\remote\\webdriver.py\", line 360, in find_element_by_id\n    return self.find_element(by=By.ID, value=id_)\n  File \"D:\\app\\Python37\\lib\\site-packages\\selenium\\webdriver\\remote\\webdriver.py\", line 978, in find_element\n    'value': value})['value']\n  File \"D:\\app\\Python37\\lib\\site-packages\\selenium\\webdriver\\remote\\webdriver.py\", line 321, in execute\n    self.error_handler.check_response(response)\n  File \"D:\\app\\Python37\\lib\\site-packages\\selenium\\webdriver\\remote\\errorhandler.py\", line 242, in check_response\n    raise exception_class(message, screen, stacktrace)\nselenium.common.exceptions.NoSuchElementException: Message: no such element: Unable to locate element: {\"method\":\"css selector\",\"selector\":\"[id=\"su1\"]\"}\n  (Session info: chrome=89.0.4389.114)\n\n\nDuring handling of the above exception, another exception occurred:\n\nTraceback (most recent call last):\n  File \"D:\\app\\Python37\\lib\\site-packages\\airtest\\utils\\logwraper.py\", line 90, in wrapper\n    res = f(*args, **kwargs)\n  File \"D:\\app\\Python37\\lib\\site-packages\\airtest_selenium\\proxy.py\", line 157, in find_element_by_id\n    web_element = self.loop_find_element(super(WebChrome, self).find_element_by_id, id)\n  File \"D:\\app\\Python37\\lib\\site-packages\\airtest_selenium\\proxy.py\", line 60, in loop_find_element\n    'Element %s not found in screen' % text)\nselenium.common.exceptions.NoSuchElementException: Message: Element su1 not found in screen\n\n", "end_time": 1624442595.3641257}}
{"tag": "function", "depth": 2, "time": 1624442601.794174, "data": {"name": "try_log_screen", "call_args": {"screen": null, "quality": null, "max_size": null}, "start_time": 1624442601.794174, "traceback": "Traceback (most recent call last):\n  File \"D:\\app\\Python37\\lib\\site-packages\\airtest_selenium\\proxy.py\", line 53, in loop_find_element\n    element = func(text)\n  File \"D:\\app\\Python37\\lib\\site-packages\\selenium\\webdriver\\remote\\webdriver.py\", line 360, in find_element_by_id\n    return self.find_element(by=By.ID, value=id_)\n  File \"D:\\app\\Python37\\lib\\site-packages\\selenium\\webdriver\\remote\\webdriver.py\", line 978, in find_element\n    'value': value})['value']\n  File \"D:\\app\\Python37\\lib\\site-packages\\selenium\\webdriver\\remote\\webdriver.py\", line 321, in execute\n    self.error_handler.check_response(response)\n  File \"D:\\app\\Python37\\lib\\site-packages\\selenium\\webdriver\\remote\\errorhandler.py\", line 242, in check_response\n    raise exception_class(message, screen, stacktrace)\nselenium.common.exceptions.NoSuchElementException: Message: no such element: Unable to locate element: {\"method\":\"css selector\",\"selector\":\"[id=\"su1\"]\"}\n  (Session info: chrome=89.0.4389.114)\n\n\nDuring handling of the above exception, another exception occurred:\n\nTraceback (most recent call last):\n  File \"D:\\app\\Python37\\lib\\site-packages\\airtest\\cli\\runner.py\", line 70, in runTest\n    exec(compile(code.encode(\"utf-8\"), pyfilepath, 'exec'), self.scope)\n  File \"E:\\proj\\airtest_auto\\air_case\\home\\test001_home_open_me.air\\test001_home_open_me.py\", line 25, in <module>\n    raise e\n  File \"E:\\proj\\airtest_auto\\air_case\\home\\test001_home_open_me.air\\test001_home_open_me.py\", line 20, in <module>\n    driver.find_element_by_id(\"su1\").click()\n  File \"D:\\app\\Python37\\lib\\site-packages\\airtest\\utils\\logwraper.py\", line 90, in wrapper\n    res = f(*args, **kwargs)\n  File \"D:\\app\\Python37\\lib\\site-packages\\airtest_selenium\\proxy.py\", line 157, in find_element_by_id\n    web_element = self.loop_find_element(super(WebChrome, self).find_element_by_id, id)\n  File \"D:\\app\\Python37\\lib\\site-packages\\airtest_selenium\\proxy.py\", line 60, in loop_find_element\n    'Element %s not found in screen' % text)\nselenium.common.exceptions.NoSuchElementException: Message: Element su1 not found in screen\n\n\nDuring handling of the above exception, another exception occurred:\n\nTraceback (most recent call last):\n  File \"D:\\app\\Python37\\lib\\site-packages\\airtest\\utils\\logwraper.py\", line 90, in wrapper\n    res = f(*args, **kwargs)\n  File \"D:\\app\\Python37\\lib\\site-packages\\airtest\\core\\cv.py\", line 103, in try_log_screen\n    screen = G.DEVICE.snapshot(quality=quality)\nAttributeError: 'NoneType' object has no attribute 'snapshot'\n", "end_time": 1624442601.794174}}
{"tag": "info", "depth": 0, "time": 1624442601.794174, "data": {"name": "Final Error", "traceback": "Traceback (most recent call last):\n  File \"D:\\app\\Python37\\lib\\site-packages\\airtest_selenium\\proxy.py\", line 53, in loop_find_element\n    element = func(text)\n  File \"D:\\app\\Python37\\lib\\site-packages\\selenium\\webdriver\\remote\\webdriver.py\", line 360, in find_element_by_id\n    return self.find_element(by=By.ID, value=id_)\n  File \"D:\\app\\Python37\\lib\\site-packages\\selenium\\webdriver\\remote\\webdriver.py\", line 978, in find_element\n    'value': value})['value']\n  File \"D:\\app\\Python37\\lib\\site-packages\\selenium\\webdriver\\remote\\webdriver.py\", line 321, in execute\n    self.error_handler.check_response(response)\n  File \"D:\\app\\Python37\\lib\\site-packages\\selenium\\webdriver\\remote\\errorhandler.py\", line 242, in check_response\n    raise exception_class(message, screen, stacktrace)\nselenium.common.exceptions.NoSuchElementException: Message: no such element: Unable to locate element: {\"method\":\"css selector\",\"selector\":\"[id=\"su1\"]\"}\n  (Session info: chrome=89.0.4389.114)\n\n\nDuring handling of the above exception, another exception occurred:\n\nTraceback (most recent call last):\n  File \"D:\\app\\Python37\\lib\\site-packages\\airtest\\cli\\runner.py\", line 70, in runTest\n    exec(compile(code.encode(\"utf-8\"), pyfilepath, 'exec'), self.scope)\n  File \"E:\\proj\\airtest_auto\\air_case\\home\\test001_home_open_me.air\\test001_home_open_me.py\", line 25, in <module>\n    raise e\n  File \"E:\\proj\\airtest_auto\\air_case\\home\\test001_home_open_me.air\\test001_home_open_me.py\", line 20, in <module>\n    driver.find_element_by_id(\"su1\").click()\n  File \"D:\\app\\Python37\\lib\\site-packages\\airtest\\utils\\logwraper.py\", line 90, in wrapper\n    res = f(*args, **kwargs)\n  File \"D:\\app\\Python37\\lib\\site-packages\\airtest_selenium\\proxy.py\", line 157, in find_element_by_id\n    web_element = self.loop_find_element(super(WebChrome, self).find_element_by_id, id)\n  File \"D:\\app\\Python37\\lib\\site-packages\\airtest_selenium\\proxy.py\", line 60, in loop_find_element\n    'Element %s not found in screen' % text)\nselenium.common.exceptions.NoSuchElementException: Message: Element su1 not found in screen\n\n"}}
